{"C:\\Users\\mbisw\\OneDrive\\Desktop\\LDP-Project-3\\src\\createApp.js": {"path":"C:\\Users\\mbisw\\OneDrive\\Desktop\\LDP-Project-3\\src\\createApp.js","statementMap":{"0":{"start":{"line":5,"column":12},"end":{"line":5,"column":21}},"1":{"start":{"line":9,"column":0},"end":{"line":9,"column":31}},"2":{"start":{"line":12,"column":0},"end":{"line":23,"column":3}},"3":{"start":{"line":13,"column":23},"end":{"line":13,"column":52}},"4":{"start":{"line":14,"column":4},"end":{"line":14,"column":32}},"5":{"start":{"line":14,"column":23},"end":{"line":14,"column":30}},"6":{"start":{"line":15,"column":4},"end":{"line":22,"column":5}},"7":{"start":{"line":16,"column":22},"end":{"line":16,"column":55}},"8":{"start":{"line":17,"column":24},"end":{"line":17,"column":55}},"9":{"start":{"line":18,"column":8},"end":{"line":18,"column":34}},"10":{"start":{"line":20,"column":8},"end":{"line":20,"column":23}},"11":{"start":{"line":21,"column":8},"end":{"line":21,"column":45}},"12":{"start":{"line":26,"column":0},"end":{"line":26,"column":41}}},"fnMap":{"0":{"name":"(anonymous_0)","decl":{"start":{"line":12,"column":26},"end":{"line":12,"column":27}},"loc":{"start":{"line":12,"column":52},"end":{"line":23,"column":1}},"line":12}},"branchMap":{"0":{"loc":{"start":{"line":14,"column":4},"end":{"line":14,"column":32}},"type":"if","locations":[{"start":{"line":14,"column":4},"end":{"line":14,"column":32}},{"start":{},"end":{}}],"line":14}},"s":{"0":2,"1":2,"2":2,"3":40,"4":40,"5":2,"6":38,"7":38,"8":38,"9":37,"10":1,"11":1,"12":2},"f":{"0":40},"b":{"0":[2,38]},"_coverageSchema":"1a1c01bbd47fc00a2c39e90264f33305004495a9","hash":"3d34b671533706a1b72e6d8b7c8e7d8927b9b7ca"}
,"C:\\Users\\mbisw\\OneDrive\\Desktop\\LDP-Project-3\\src\\constants\\constant.js": {"path":"C:\\Users\\mbisw\\OneDrive\\Desktop\\LDP-Project-3\\src\\constants\\constant.js","statementMap":{"0":{"start":{"line":2,"column":25},"end":{"line":2,"column":58}},"1":{"start":{"line":3,"column":25},"end":{"line":3,"column":124}}},"fnMap":{},"branchMap":{},"s":{"0":2,"1":2},"f":{},"b":{},"_coverageSchema":"1a1c01bbd47fc00a2c39e90264f33305004495a9","hash":"b9d1c89bd5adba85b090d4a5fa5018d6284026e0"}
,"C:\\Users\\mbisw\\OneDrive\\Desktop\\LDP-Project-3\\src\\controllers\\controller.js": {"path":"C:\\Users\\mbisw\\OneDrive\\Desktop\\LDP-Project-3\\src\\controllers\\controller.js","statementMap":{"0":{"start":{"line":4,"column":26},"end":{"line":354,"column":1}},"1":{"start":{"line":7,"column":8},"end":{"line":23,"column":9}},"2":{"start":{"line":8,"column":12},"end":{"line":13,"column":13}},"3":{"start":{"line":9,"column":16},"end":{"line":9,"column":30}},"4":{"start":{"line":10,"column":16},"end":{"line":12,"column":17}},"5":{"start":{"line":14,"column":25},"end":{"line":14,"column":60}},"6":{"start":{"line":15,"column":12},"end":{"line":15,"column":26}},"7":{"start":{"line":16,"column":12},"end":{"line":19,"column":13}},"8":{"start":{"line":21,"column":12},"end":{"line":21,"column":26}},"9":{"start":{"line":22,"column":12},"end":{"line":22,"column":40}},"10":{"start":{"line":27,"column":8},"end":{"line":53,"column":9}},"11":{"start":{"line":28,"column":25},"end":{"line":28,"column":73}},"12":{"start":{"line":29,"column":12},"end":{"line":34,"column":13}},"13":{"start":{"line":30,"column":16},"end":{"line":30,"column":29}},"14":{"start":{"line":31,"column":16},"end":{"line":33,"column":17}},"15":{"start":{"line":35,"column":27},"end":{"line":35,"column":91}},"16":{"start":{"line":36,"column":12},"end":{"line":41,"column":13}},"17":{"start":{"line":37,"column":16},"end":{"line":37,"column":29}},"18":{"start":{"line":38,"column":16},"end":{"line":40,"column":17}},"19":{"start":{"line":42,"column":26},"end":{"line":42,"column":66}},"20":{"start":{"line":43,"column":12},"end":{"line":43,"column":26}},"21":{"start":{"line":44,"column":12},"end":{"line":49,"column":13}},"22":{"start":{"line":51,"column":12},"end":{"line":51,"column":26}},"23":{"start":{"line":52,"column":12},"end":{"line":52,"column":40}},"24":{"start":{"line":57,"column":8},"end":{"line":102,"column":9}},"25":{"start":{"line":58,"column":31},"end":{"line":58,"column":44}},"26":{"start":{"line":59,"column":26},"end":{"line":59,"column":44}},"27":{"start":{"line":60,"column":26},"end":{"line":60,"column":50}},"28":{"start":{"line":62,"column":12},"end":{"line":64,"column":13}},"29":{"start":{"line":63,"column":16},"end":{"line":63,"column":57}},"30":{"start":{"line":66,"column":27},"end":{"line":66,"column":44}},"31":{"start":{"line":67,"column":27},"end":{"line":67,"column":57}},"32":{"start":{"line":68,"column":27},"end":{"line":68,"column":58}},"33":{"start":{"line":69,"column":12},"end":{"line":72,"column":13}},"34":{"start":{"line":70,"column":16},"end":{"line":70,"column":53}},"35":{"start":{"line":71,"column":16},"end":{"line":71,"column":32}},"36":{"start":{"line":74,"column":34},"end":{"line":74,"column":63}},"37":{"start":{"line":75,"column":34},"end":{"line":75,"column":63}},"38":{"start":{"line":78,"column":12},"end":{"line":78,"column":39}},"39":{"start":{"line":79,"column":12},"end":{"line":79,"column":39}},"40":{"start":{"line":80,"column":12},"end":{"line":80,"column":34}},"41":{"start":{"line":81,"column":12},"end":{"line":81,"column":63}},"42":{"start":{"line":82,"column":12},"end":{"line":82,"column":63}},"43":{"start":{"line":84,"column":12},"end":{"line":86,"column":13}},"44":{"start":{"line":85,"column":16},"end":{"line":85,"column":48}},"45":{"start":{"line":88,"column":25},"end":{"line":88,"column":62}},"46":{"start":{"line":89,"column":28},"end":{"line":89,"column":133}},"47":{"start":{"line":90,"column":29},"end":{"line":90,"column":81}},"48":{"start":{"line":92,"column":12},"end":{"line":97,"column":13}},"49":{"start":{"line":99,"column":12},"end":{"line":99,"column":26}},"50":{"start":{"line":101,"column":12},"end":{"line":101,"column":44}},"51":{"start":{"line":106,"column":8},"end":{"line":117,"column":9}},"52":{"start":{"line":107,"column":32},"end":{"line":107,"column":74}},"53":{"start":{"line":108,"column":12},"end":{"line":113,"column":13}},"54":{"start":{"line":115,"column":12},"end":{"line":115,"column":26}},"55":{"start":{"line":116,"column":12},"end":{"line":116,"column":40}},"56":{"start":{"line":122,"column":8},"end":{"line":162,"column":9}},"57":{"start":{"line":123,"column":31},"end":{"line":123,"column":44}},"58":{"start":{"line":124,"column":26},"end":{"line":124,"column":44}},"59":{"start":{"line":125,"column":26},"end":{"line":125,"column":50}},"60":{"start":{"line":127,"column":12},"end":{"line":129,"column":13}},"61":{"start":{"line":128,"column":16},"end":{"line":128,"column":57}},"62":{"start":{"line":131,"column":27},"end":{"line":131,"column":44}},"63":{"start":{"line":132,"column":27},"end":{"line":132,"column":57}},"64":{"start":{"line":133,"column":27},"end":{"line":133,"column":58}},"65":{"start":{"line":134,"column":12},"end":{"line":137,"column":13}},"66":{"start":{"line":135,"column":16},"end":{"line":135,"column":53}},"67":{"start":{"line":136,"column":16},"end":{"line":136,"column":32}},"68":{"start":{"line":139,"column":34},"end":{"line":139,"column":63}},"69":{"start":{"line":140,"column":34},"end":{"line":140,"column":63}},"70":{"start":{"line":142,"column":12},"end":{"line":142,"column":39}},"71":{"start":{"line":143,"column":12},"end":{"line":143,"column":39}},"72":{"start":{"line":144,"column":12},"end":{"line":144,"column":34}},"73":{"start":{"line":146,"column":12},"end":{"line":148,"column":13}},"74":{"start":{"line":147,"column":16},"end":{"line":147,"column":48}},"75":{"start":{"line":151,"column":32},"end":{"line":151,"column":138}},"76":{"start":{"line":153,"column":12},"end":{"line":158,"column":13}},"77":{"start":{"line":160,"column":12},"end":{"line":160,"column":26}},"78":{"start":{"line":161,"column":12},"end":{"line":161,"column":44}},"79":{"start":{"line":166,"column":8},"end":{"line":182,"column":9}},"80":{"start":{"line":167,"column":25},"end":{"line":167,"column":69}},"81":{"start":{"line":168,"column":12},"end":{"line":173,"column":13}},"82":{"start":{"line":169,"column":16},"end":{"line":169,"column":30}},"83":{"start":{"line":170,"column":16},"end":{"line":172,"column":17}},"84":{"start":{"line":174,"column":32},"end":{"line":174,"column":90}},"85":{"start":{"line":175,"column":12},"end":{"line":178,"column":13}},"86":{"start":{"line":180,"column":12},"end":{"line":180,"column":26}},"87":{"start":{"line":181,"column":12},"end":{"line":181,"column":40}},"88":{"start":{"line":186,"column":28},"end":{"line":186,"column":33}},"89":{"start":{"line":187,"column":21},"end":{"line":187,"column":23}},"90":{"start":{"line":189,"column":8},"end":{"line":287,"column":11}},"91":{"start":{"line":190,"column":25},"end":{"line":190,"column":44}},"92":{"start":{"line":191,"column":12},"end":{"line":191,"column":30}},"93":{"start":{"line":193,"column":12},"end":{"line":286,"column":13}},"94":{"start":{"line":194,"column":30},"end":{"line":194,"column":40}},"95":{"start":{"line":196,"column":16},"end":{"line":200,"column":17}},"96":{"start":{"line":197,"column":20},"end":{"line":197,"column":112}},"97":{"start":{"line":198,"column":20},"end":{"line":198,"column":74}},"98":{"start":{"line":199,"column":20},"end":{"line":199,"column":27}},"99":{"start":{"line":202,"column":16},"end":{"line":213,"column":19}},"100":{"start":{"line":203,"column":20},"end":{"line":207,"column":21}},"101":{"start":{"line":204,"column":24},"end":{"line":204,"column":112}},"102":{"start":{"line":205,"column":24},"end":{"line":205,"column":74}},"103":{"start":{"line":206,"column":24},"end":{"line":206,"column":31}},"104":{"start":{"line":209,"column":20},"end":{"line":209,"column":41}},"105":{"start":{"line":210,"column":20},"end":{"line":210,"column":40}},"106":{"start":{"line":211,"column":20},"end":{"line":211,"column":86}},"107":{"start":{"line":212,"column":20},"end":{"line":212,"column":81}},"108":{"start":{"line":215,"column":16},"end":{"line":218,"column":17}},"109":{"start":{"line":216,"column":20},"end":{"line":216,"column":80}},"110":{"start":{"line":217,"column":20},"end":{"line":217,"column":27}},"111":{"start":{"line":219,"column":16},"end":{"line":285,"column":17}},"112":{"start":{"line":220,"column":33},"end":{"line":220,"column":63}},"113":{"start":{"line":221,"column":37},"end":{"line":221,"column":39}},"114":{"start":{"line":223,"column":20},"end":{"line":282,"column":21}},"115":{"start":{"line":224,"column":24},"end":{"line":224,"column":63}},"116":{"start":{"line":225,"column":24},"end":{"line":276,"column":25}},"117":{"start":{"line":225,"column":41},"end":{"line":225,"column":42}},"118":{"start":{"line":226,"column":48},"end":{"line":226,"column":59}},"119":{"start":{"line":227,"column":46},"end":{"line":227,"column":82}},"120":{"start":{"line":228,"column":43},"end":{"line":228,"column":44}},"121":{"start":{"line":228,"column":60},"end":{"line":228,"column":61}},"122":{"start":{"line":228,"column":76},"end":{"line":228,"column":78}},"123":{"start":{"line":228,"column":91},"end":{"line":228,"column":92}},"124":{"start":{"line":229,"column":28},"end":{"line":237,"column":29}},"125":{"start":{"line":229,"column":45},"end":{"line":229,"column":46}},"126":{"start":{"line":230,"column":32},"end":{"line":236,"column":33}},"127":{"start":{"line":231,"column":36},"end":{"line":231,"column":69}},"128":{"start":{"line":232,"column":39},"end":{"line":236,"column":33}},"129":{"start":{"line":233,"column":36},"end":{"line":233,"column":67}},"130":{"start":{"line":234,"column":36},"end":{"line":234,"column":53}},"131":{"start":{"line":235,"column":36},"end":{"line":235,"column":52}},"132":{"start":{"line":238,"column":28},"end":{"line":242,"column":29}},"133":{"start":{"line":239,"column":32},"end":{"line":239,"column":63}},"134":{"start":{"line":240,"column":32},"end":{"line":240,"column":49}},"135":{"start":{"line":241,"column":32},"end":{"line":241,"column":48}},"136":{"start":{"line":243,"column":28},"end":{"line":243,"column":74}},"137":{"start":{"line":244,"column":48},"end":{"line":244,"column":50}},"138":{"start":{"line":246,"column":28},"end":{"line":274,"column":29}},"139":{"start":{"line":246,"column":45},"end":{"line":246,"column":46}},"140":{"start":{"line":247,"column":47},"end":{"line":247,"column":63}},"141":{"start":{"line":248,"column":45},"end":{"line":248,"column":80}},"142":{"start":{"line":249,"column":54},"end":{"line":249,"column":67}},"143":{"start":{"line":250,"column":49},"end":{"line":250,"column":62}},"144":{"start":{"line":251,"column":54},"end":{"line":251,"column":67}},"145":{"start":{"line":252,"column":48},"end":{"line":252,"column":123}},"146":{"start":{"line":253,"column":48},"end":{"line":253,"column":123}},"147":{"start":{"line":254,"column":32},"end":{"line":254,"column":62}},"148":{"start":{"line":255,"column":43},"end":{"line":255,"column":44}},"149":{"start":{"line":257,"column":32},"end":{"line":270,"column":33}},"150":{"start":{"line":258,"column":46},"end":{"line":258,"column":78}},"151":{"start":{"line":258,"column":69},"end":{"line":258,"column":78}},"152":{"start":{"line":259,"column":40},"end":{"line":259,"column":46}},"153":{"start":{"line":260,"column":47},"end":{"line":260,"column":80}},"154":{"start":{"line":260,"column":71},"end":{"line":260,"column":80}},"155":{"start":{"line":261,"column":40},"end":{"line":261,"column":46}},"156":{"start":{"line":262,"column":46},"end":{"line":262,"column":78}},"157":{"start":{"line":262,"column":69},"end":{"line":262,"column":78}},"158":{"start":{"line":263,"column":40},"end":{"line":263,"column":46}},"159":{"start":{"line":264,"column":47},"end":{"line":264,"column":80}},"160":{"start":{"line":264,"column":71},"end":{"line":264,"column":80}},"161":{"start":{"line":265,"column":40},"end":{"line":265,"column":46}},"162":{"start":{"line":266,"column":46},"end":{"line":266,"column":79}},"163":{"start":{"line":266,"column":70},"end":{"line":266,"column":79}},"164":{"start":{"line":267,"column":40},"end":{"line":267,"column":46}},"165":{"start":{"line":268,"column":47},"end":{"line":268,"column":80}},"166":{"start":{"line":268,"column":71},"end":{"line":268,"column":80}},"167":{"start":{"line":269,"column":40},"end":{"line":269,"column":46}},"168":{"start":{"line":272,"column":32},"end":{"line":273,"column":61}},"169":{"start":{"line":272,"column":42},"end":{"line":272,"column":65}},"170":{"start":{"line":273,"column":37},"end":{"line":273,"column":61}},"171":{"start":{"line":275,"column":28},"end":{"line":275,"column":55}},"172":{"start":{"line":277,"column":24},"end":{"line":277,"column":46}},"173":{"start":{"line":278,"column":24},"end":{"line":278,"column":62}},"174":{"start":{"line":280,"column":24},"end":{"line":280,"column":62}},"175":{"start":{"line":281,"column":24},"end":{"line":281,"column":80}},"176":{"start":{"line":284,"column":20},"end":{"line":284,"column":67}},"177":{"start":{"line":289,"column":8},"end":{"line":291,"column":11}},"178":{"start":{"line":290,"column":12},"end":{"line":290,"column":55}},"179":{"start":{"line":295,"column":8},"end":{"line":352,"column":9}},"180":{"start":{"line":296,"column":30},"end":{"line":296,"column":68}},"181":{"start":{"line":297,"column":32},"end":{"line":297,"column":52}},"182":{"start":{"line":298,"column":27},"end":{"line":298,"column":28}},"183":{"start":{"line":298,"column":44},"end":{"line":298,"column":45}},"184":{"start":{"line":298,"column":60},"end":{"line":298,"column":62}},"185":{"start":{"line":298,"column":75},"end":{"line":298,"column":76}},"186":{"start":{"line":299,"column":12},"end":{"line":307,"column":13}},"187":{"start":{"line":299,"column":29},"end":{"line":299,"column":30}},"188":{"start":{"line":300,"column":16},"end":{"line":306,"column":17}},"189":{"start":{"line":301,"column":20},"end":{"line":301,"column":53}},"190":{"start":{"line":302,"column":23},"end":{"line":306,"column":17}},"191":{"start":{"line":303,"column":20},"end":{"line":303,"column":51}},"192":{"start":{"line":304,"column":20},"end":{"line":304,"column":37}},"193":{"start":{"line":305,"column":20},"end":{"line":305,"column":36}},"194":{"start":{"line":308,"column":12},"end":{"line":312,"column":13}},"195":{"start":{"line":309,"column":16},"end":{"line":309,"column":47}},"196":{"start":{"line":310,"column":16},"end":{"line":310,"column":33}},"197":{"start":{"line":311,"column":16},"end":{"line":311,"column":32}},"198":{"start":{"line":313,"column":12},"end":{"line":313,"column":58}},"199":{"start":{"line":314,"column":32},"end":{"line":314,"column":34}},"200":{"start":{"line":316,"column":12},"end":{"line":342,"column":13}},"201":{"start":{"line":316,"column":29},"end":{"line":316,"column":30}},"202":{"start":{"line":317,"column":31},"end":{"line":317,"column":47}},"203":{"start":{"line":318,"column":29},"end":{"line":318,"column":64}},"204":{"start":{"line":319,"column":38},"end":{"line":319,"column":51}},"205":{"start":{"line":320,"column":33},"end":{"line":320,"column":46}},"206":{"start":{"line":321,"column":38},"end":{"line":321,"column":51}},"207":{"start":{"line":322,"column":32},"end":{"line":322,"column":107}},"208":{"start":{"line":323,"column":32},"end":{"line":323,"column":107}},"209":{"start":{"line":324,"column":27},"end":{"line":324,"column":28}},"210":{"start":{"line":326,"column":16},"end":{"line":339,"column":17}},"211":{"start":{"line":327,"column":30},"end":{"line":327,"column":62}},"212":{"start":{"line":327,"column":53},"end":{"line":327,"column":62}},"213":{"start":{"line":328,"column":24},"end":{"line":328,"column":30}},"214":{"start":{"line":329,"column":31},"end":{"line":329,"column":64}},"215":{"start":{"line":329,"column":55},"end":{"line":329,"column":64}},"216":{"start":{"line":330,"column":24},"end":{"line":330,"column":30}},"217":{"start":{"line":331,"column":30},"end":{"line":331,"column":62}},"218":{"start":{"line":331,"column":53},"end":{"line":331,"column":62}},"219":{"start":{"line":332,"column":24},"end":{"line":332,"column":30}},"220":{"start":{"line":333,"column":31},"end":{"line":333,"column":64}},"221":{"start":{"line":333,"column":55},"end":{"line":333,"column":64}},"222":{"start":{"line":334,"column":24},"end":{"line":334,"column":30}},"223":{"start":{"line":335,"column":30},"end":{"line":335,"column":63}},"224":{"start":{"line":335,"column":54},"end":{"line":335,"column":63}},"225":{"start":{"line":336,"column":24},"end":{"line":336,"column":30}},"226":{"start":{"line":337,"column":31},"end":{"line":337,"column":64}},"227":{"start":{"line":337,"column":55},"end":{"line":337,"column":64}},"228":{"start":{"line":338,"column":24},"end":{"line":338,"column":30}},"229":{"start":{"line":340,"column":16},"end":{"line":341,"column":45}},"230":{"start":{"line":340,"column":26},"end":{"line":340,"column":49}},"231":{"start":{"line":341,"column":21},"end":{"line":341,"column":45}},"232":{"start":{"line":343,"column":12},"end":{"line":348,"column":13}},"233":{"start":{"line":350,"column":12},"end":{"line":350,"column":26}},"234":{"start":{"line":351,"column":12},"end":{"line":351,"column":40}}},"fnMap":{"0":{"name":"(anonymous_0)","decl":{"start":{"line":6,"column":12},"end":{"line":6,"column":13}},"loc":{"start":{"line":6,"column":32},"end":{"line":24,"column":5}},"line":6},"1":{"name":"(anonymous_1)","decl":{"start":{"line":26,"column":11},"end":{"line":26,"column":12}},"loc":{"start":{"line":26,"column":31},"end":{"line":54,"column":5}},"line":26},"2":{"name":"(anonymous_2)","decl":{"start":{"line":56,"column":13},"end":{"line":56,"column":14}},"loc":{"start":{"line":56,"column":33},"end":{"line":103,"column":5}},"line":56},"3":{"name":"(anonymous_3)","decl":{"start":{"line":105,"column":14},"end":{"line":105,"column":15}},"loc":{"start":{"line":105,"column":34},"end":{"line":118,"column":5}},"line":105},"4":{"name":"(anonymous_4)","decl":{"start":{"line":120,"column":16},"end":{"line":120,"column":17}},"loc":{"start":{"line":120,"column":36},"end":{"line":163,"column":5}},"line":120},"5":{"name":"(anonymous_5)","decl":{"start":{"line":165,"column":16},"end":{"line":165,"column":17}},"loc":{"start":{"line":165,"column":36},"end":{"line":183,"column":5}},"line":165},"6":{"name":"(anonymous_6)","decl":{"start":{"line":185,"column":19},"end":{"line":185,"column":20}},"loc":{"start":{"line":185,"column":36},"end":{"line":292,"column":5}},"line":185},"7":{"name":"(anonymous_7)","decl":{"start":{"line":189,"column":29},"end":{"line":189,"column":30}},"loc":{"start":{"line":189,"column":48},"end":{"line":287,"column":9}},"line":189},"8":{"name":"(anonymous_8)","decl":{"start":{"line":202,"column":48},"end":{"line":202,"column":49}},"loc":{"start":{"line":202,"column":66},"end":{"line":213,"column":17}},"line":202},"9":{"name":"(anonymous_9)","decl":{"start":{"line":289,"column":27},"end":{"line":289,"column":28}},"loc":{"start":{"line":289,"column":33},"end":{"line":291,"column":9}},"line":289},"10":{"name":"(anonymous_10)","decl":{"start":{"line":294,"column":17},"end":{"line":294,"column":18}},"loc":{"start":{"line":294,"column":37},"end":{"line":353,"column":5}},"line":294}},"branchMap":{"0":{"loc":{"start":{"line":8,"column":12},"end":{"line":13,"column":13}},"type":"if","locations":[{"start":{"line":8,"column":12},"end":{"line":13,"column":13}},{"start":{},"end":{}}],"line":8},"1":{"loc":{"start":{"line":8,"column":16},"end":{"line":8,"column":107}},"type":"binary-expr","locations":[{"start":{"line":8,"column":16},"end":{"line":8,"column":58}},{"start":{"line":8,"column":62},"end":{"line":8,"column":107}}],"line":8},"2":{"loc":{"start":{"line":29,"column":12},"end":{"line":34,"column":13}},"type":"if","locations":[{"start":{"line":29,"column":12},"end":{"line":34,"column":13}},{"start":{},"end":{}}],"line":29},"3":{"loc":{"start":{"line":36,"column":12},"end":{"line":41,"column":13}},"type":"if","locations":[{"start":{"line":36,"column":12},"end":{"line":41,"column":13}},{"start":{},"end":{}}],"line":36},"4":{"loc":{"start":{"line":62,"column":12},"end":{"line":64,"column":13}},"type":"if","locations":[{"start":{"line":62,"column":12},"end":{"line":64,"column":13}},{"start":{},"end":{}}],"line":62},"5":{"loc":{"start":{"line":62,"column":16},"end":{"line":62,"column":110}},"type":"binary-expr","locations":[{"start":{"line":62,"column":16},"end":{"line":62,"column":27}},{"start":{"line":62,"column":31},"end":{"line":62,"column":63}},{"start":{"line":62,"column":67},"end":{"line":62,"column":110}}],"line":62},"6":{"loc":{"start":{"line":69,"column":12},"end":{"line":72,"column":13}},"type":"if","locations":[{"start":{"line":69,"column":12},"end":{"line":72,"column":13}},{"start":{},"end":{}}],"line":69},"7":{"loc":{"start":{"line":84,"column":12},"end":{"line":86,"column":13}},"type":"if","locations":[{"start":{"line":84,"column":12},"end":{"line":86,"column":13}},{"start":{},"end":{}}],"line":84},"8":{"loc":{"start":{"line":84,"column":16},"end":{"line":84,"column":164}},"type":"binary-expr","locations":[{"start":{"line":84,"column":16},"end":{"line":84,"column":37}},{"start":{"line":84,"column":41},"end":{"line":84,"column":62}},{"start":{"line":84,"column":66},"end":{"line":84,"column":80}},{"start":{"line":84,"column":84},"end":{"line":84,"column":122}},{"start":{"line":84,"column":126},"end":{"line":84,"column":164}}],"line":84},"9":{"loc":{"start":{"line":127,"column":12},"end":{"line":129,"column":13}},"type":"if","locations":[{"start":{"line":127,"column":12},"end":{"line":129,"column":13}},{"start":{},"end":{}}],"line":127},"10":{"loc":{"start":{"line":127,"column":16},"end":{"line":127,"column":110}},"type":"binary-expr","locations":[{"start":{"line":127,"column":16},"end":{"line":127,"column":27}},{"start":{"line":127,"column":31},"end":{"line":127,"column":63}},{"start":{"line":127,"column":67},"end":{"line":127,"column":110}}],"line":127},"11":{"loc":{"start":{"line":134,"column":12},"end":{"line":137,"column":13}},"type":"if","locations":[{"start":{"line":134,"column":12},"end":{"line":137,"column":13}},{"start":{},"end":{}}],"line":134},"12":{"loc":{"start":{"line":146,"column":12},"end":{"line":148,"column":13}},"type":"if","locations":[{"start":{"line":146,"column":12},"end":{"line":148,"column":13}},{"start":{},"end":{}}],"line":146},"13":{"loc":{"start":{"line":146,"column":16},"end":{"line":146,"column":164}},"type":"binary-expr","locations":[{"start":{"line":146,"column":16},"end":{"line":146,"column":37}},{"start":{"line":146,"column":41},"end":{"line":146,"column":62}},{"start":{"line":146,"column":66},"end":{"line":146,"column":80}},{"start":{"line":146,"column":84},"end":{"line":146,"column":122}},{"start":{"line":146,"column":126},"end":{"line":146,"column":164}}],"line":146},"14":{"loc":{"start":{"line":168,"column":12},"end":{"line":173,"column":13}},"type":"if","locations":[{"start":{"line":168,"column":12},"end":{"line":173,"column":13}},{"start":{},"end":{}}],"line":168},"15":{"loc":{"start":{"line":168,"column":16},"end":{"line":168,"column":46}},"type":"binary-expr","locations":[{"start":{"line":168,"column":16},"end":{"line":168,"column":21}},{"start":{"line":168,"column":25},"end":{"line":168,"column":46}}],"line":168},"16":{"loc":{"start":{"line":193,"column":12},"end":{"line":286,"column":13}},"type":"if","locations":[{"start":{"line":193,"column":12},"end":{"line":286,"column":13}},{"start":{"line":214,"column":19},"end":{"line":286,"column":13}}],"line":193},"17":{"loc":{"start":{"line":196,"column":16},"end":{"line":200,"column":17}},"type":"if","locations":[{"start":{"line":196,"column":16},"end":{"line":200,"column":17}},{"start":{},"end":{}}],"line":196},"18":{"loc":{"start":{"line":203,"column":20},"end":{"line":207,"column":21}},"type":"if","locations":[{"start":{"line":203,"column":20},"end":{"line":207,"column":21}},{"start":{},"end":{}}],"line":203},"19":{"loc":{"start":{"line":215,"column":16},"end":{"line":218,"column":17}},"type":"if","locations":[{"start":{"line":215,"column":16},"end":{"line":218,"column":17}},{"start":{},"end":{}}],"line":215},"20":{"loc":{"start":{"line":223,"column":20},"end":{"line":282,"column":21}},"type":"if","locations":[{"start":{"line":223,"column":20},"end":{"line":282,"column":21}},{"start":{"line":279,"column":27},"end":{"line":282,"column":21}}],"line":223},"21":{"loc":{"start":{"line":230,"column":32},"end":{"line":236,"column":33}},"type":"if","locations":[{"start":{"line":230,"column":32},"end":{"line":236,"column":33}},{"start":{"line":232,"column":39},"end":{"line":236,"column":33}}],"line":230},"22":{"loc":{"start":{"line":232,"column":39},"end":{"line":236,"column":33}},"type":"if","locations":[{"start":{"line":232,"column":39},"end":{"line":236,"column":33}},{"start":{},"end":{}}],"line":232},"23":{"loc":{"start":{"line":238,"column":28},"end":{"line":242,"column":29}},"type":"if","locations":[{"start":{"line":238,"column":28},"end":{"line":242,"column":29}},{"start":{},"end":{}}],"line":238},"24":{"loc":{"start":{"line":257,"column":32},"end":{"line":270,"column":33}},"type":"switch","locations":[{"start":{"line":258,"column":36},"end":{"line":259,"column":46}},{"start":{"line":260,"column":36},"end":{"line":261,"column":46}},{"start":{"line":262,"column":36},"end":{"line":263,"column":46}},{"start":{"line":264,"column":36},"end":{"line":265,"column":46}},{"start":{"line":266,"column":36},"end":{"line":267,"column":46}},{"start":{"line":268,"column":36},"end":{"line":269,"column":46}}],"line":257},"25":{"loc":{"start":{"line":258,"column":46},"end":{"line":258,"column":78}},"type":"if","locations":[{"start":{"line":258,"column":46},"end":{"line":258,"column":78}},{"start":{},"end":{}}],"line":258},"26":{"loc":{"start":{"line":260,"column":47},"end":{"line":260,"column":80}},"type":"if","locations":[{"start":{"line":260,"column":47},"end":{"line":260,"column":80}},{"start":{},"end":{}}],"line":260},"27":{"loc":{"start":{"line":262,"column":46},"end":{"line":262,"column":78}},"type":"if","locations":[{"start":{"line":262,"column":46},"end":{"line":262,"column":78}},{"start":{},"end":{}}],"line":262},"28":{"loc":{"start":{"line":264,"column":47},"end":{"line":264,"column":80}},"type":"if","locations":[{"start":{"line":264,"column":47},"end":{"line":264,"column":80}},{"start":{},"end":{}}],"line":264},"29":{"loc":{"start":{"line":266,"column":46},"end":{"line":266,"column":79}},"type":"if","locations":[{"start":{"line":266,"column":46},"end":{"line":266,"column":79}},{"start":{},"end":{}}],"line":266},"30":{"loc":{"start":{"line":268,"column":47},"end":{"line":268,"column":80}},"type":"if","locations":[{"start":{"line":268,"column":47},"end":{"line":268,"column":80}},{"start":{},"end":{}}],"line":268},"31":{"loc":{"start":{"line":272,"column":32},"end":{"line":273,"column":61}},"type":"if","locations":[{"start":{"line":272,"column":32},"end":{"line":273,"column":61}},{"start":{"line":273,"column":37},"end":{"line":273,"column":61}}],"line":272},"32":{"loc":{"start":{"line":300,"column":16},"end":{"line":306,"column":17}},"type":"if","locations":[{"start":{"line":300,"column":16},"end":{"line":306,"column":17}},{"start":{"line":302,"column":23},"end":{"line":306,"column":17}}],"line":300},"33":{"loc":{"start":{"line":302,"column":23},"end":{"line":306,"column":17}},"type":"if","locations":[{"start":{"line":302,"column":23},"end":{"line":306,"column":17}},{"start":{},"end":{}}],"line":302},"34":{"loc":{"start":{"line":308,"column":12},"end":{"line":312,"column":13}},"type":"if","locations":[{"start":{"line":308,"column":12},"end":{"line":312,"column":13}},{"start":{},"end":{}}],"line":308},"35":{"loc":{"start":{"line":326,"column":16},"end":{"line":339,"column":17}},"type":"switch","locations":[{"start":{"line":327,"column":20},"end":{"line":328,"column":30}},{"start":{"line":329,"column":20},"end":{"line":330,"column":30}},{"start":{"line":331,"column":20},"end":{"line":332,"column":30}},{"start":{"line":333,"column":20},"end":{"line":334,"column":30}},{"start":{"line":335,"column":20},"end":{"line":336,"column":30}},{"start":{"line":337,"column":20},"end":{"line":338,"column":30}}],"line":326},"36":{"loc":{"start":{"line":327,"column":30},"end":{"line":327,"column":62}},"type":"if","locations":[{"start":{"line":327,"column":30},"end":{"line":327,"column":62}},{"start":{},"end":{}}],"line":327},"37":{"loc":{"start":{"line":329,"column":31},"end":{"line":329,"column":64}},"type":"if","locations":[{"start":{"line":329,"column":31},"end":{"line":329,"column":64}},{"start":{},"end":{}}],"line":329},"38":{"loc":{"start":{"line":331,"column":30},"end":{"line":331,"column":62}},"type":"if","locations":[{"start":{"line":331,"column":30},"end":{"line":331,"column":62}},{"start":{},"end":{}}],"line":331},"39":{"loc":{"start":{"line":333,"column":31},"end":{"line":333,"column":64}},"type":"if","locations":[{"start":{"line":333,"column":31},"end":{"line":333,"column":64}},{"start":{},"end":{}}],"line":333},"40":{"loc":{"start":{"line":335,"column":30},"end":{"line":335,"column":63}},"type":"if","locations":[{"start":{"line":335,"column":30},"end":{"line":335,"column":63}},{"start":{},"end":{}}],"line":335},"41":{"loc":{"start":{"line":337,"column":31},"end":{"line":337,"column":64}},"type":"if","locations":[{"start":{"line":337,"column":31},"end":{"line":337,"column":64}},{"start":{},"end":{}}],"line":337},"42":{"loc":{"start":{"line":340,"column":16},"end":{"line":341,"column":45}},"type":"if","locations":[{"start":{"line":340,"column":16},"end":{"line":341,"column":45}},{"start":{"line":341,"column":21},"end":{"line":341,"column":45}}],"line":340}},"s":{"0":2,"1":5,"2":5,"3":2,"4":2,"5":2,"6":2,"7":2,"8":1,"9":1,"10":5,"11":5,"12":4,"13":1,"14":1,"15":3,"16":3,"17":1,"18":1,"19":2,"20":2,"21":2,"22":1,"23":1,"24":8,"25":8,"26":8,"27":8,"28":8,"29":2,"30":6,"31":6,"32":6,"33":6,"34":2,"35":2,"36":6,"37":6,"38":6,"39":6,"40":6,"41":6,"42":6,"43":6,"44":2,"45":4,"46":4,"47":3,"48":2,"49":6,"50":6,"51":5,"52":5,"53":3,"54":2,"55":2,"56":7,"57":7,"58":7,"59":7,"60":7,"61":2,"62":5,"63":5,"64":5,"65":5,"66":2,"67":2,"68":5,"69":5,"70":5,"71":5,"72":5,"73":5,"74":2,"75":3,"76":2,"77":5,"78":5,"79":5,"80":5,"81":4,"82":2,"83":2,"84":2,"85":2,"86":1,"87":1,"88":0,"89":0,"90":0,"91":0,"92":0,"93":0,"94":0,"95":0,"96":0,"97":0,"98":0,"99":0,"100":0,"101":0,"102":0,"103":0,"104":0,"105":0,"106":0,"107":0,"108":0,"109":0,"110":0,"111":0,"112":0,"113":0,"114":0,"115":0,"116":0,"117":0,"118":0,"119":0,"120":0,"121":0,"122":0,"123":0,"124":0,"125":0,"126":0,"127":0,"128":0,"129":0,"130":0,"131":0,"132":0,"133":0,"134":0,"135":0,"136":0,"137":0,"138":0,"139":0,"140":0,"141":0,"142":0,"143":0,"144":0,"145":0,"146":0,"147":0,"148":0,"149":0,"150":0,"151":0,"152":0,"153":0,"154":0,"155":0,"156":0,"157":0,"158":0,"159":0,"160":0,"161":0,"162":0,"163":0,"164":0,"165":0,"166":0,"167":0,"168":0,"169":0,"170":0,"171":0,"172":0,"173":0,"174":0,"175":0,"176":0,"177":0,"178":0,"179":4,"180":4,"181":3,"182":3,"183":3,"184":3,"185":3,"186":3,"187":3,"188":122,"189":21,"190":101,"191":13,"192":13,"193":13,"194":3,"195":0,"196":0,"197":0,"198":3,"199":3,"200":3,"201":3,"202":4,"203":4,"204":4,"205":4,"206":4,"207":4,"208":4,"209":4,"210":4,"211":0,"212":0,"213":0,"214":1,"215":0,"216":1,"217":0,"218":0,"219":0,"220":3,"221":2,"222":3,"223":0,"224":0,"225":0,"226":0,"227":0,"228":0,"229":4,"230":2,"231":2,"232":3,"233":1,"234":1},"f":{"0":5,"1":5,"2":8,"3":5,"4":7,"5":5,"6":0,"7":0,"8":0,"9":0,"10":4},"b":{"0":[2,2],"1":[5,3],"2":[1,3],"3":[1,2],"4":[2,6],"5":[8,7,7],"6":[2,4],"7":[2,4],"8":[6,5,5,5,4],"9":[2,5],"10":[7,6,6],"11":[2,3],"12":[2,3],"13":[5,4,4,4,3],"14":[2,2],"15":[4,3],"16":[0,0],"17":[0,0],"18":[0,0],"19":[0,0],"20":[0,0],"21":[0,0],"22":[0,0],"23":[0,0],"24":[0,0,0,0,0,0],"25":[0,0],"26":[0,0],"27":[0,0],"28":[0,0],"29":[0,0],"30":[0,0],"31":[0,0],"32":[21,101],"33":[13,88],"34":[0,3],"35":[0,1,0,3,0,0],"36":[0,0],"37":[0,1],"38":[0,0],"39":[2,1],"40":[0,0],"41":[0,0],"42":[2,2]},"_coverageSchema":"1a1c01bbd47fc00a2c39e90264f33305004495a9","hash":"0b30a1d53cd2a444b13e1e329833d125d970859c"}
,"C:\\Users\\mbisw\\OneDrive\\Desktop\\LDP-Project-3\\src\\models\\rule.js": {"path":"C:\\Users\\mbisw\\OneDrive\\Desktop\\LDP-Project-3\\src\\models\\rule.js","statementMap":{"0":{"start":{"line":2,"column":15},"end":{"line":2,"column":30}},"1":{"start":{"line":5,"column":19},"end":{"line":22,"column":24}},"2":{"start":{"line":24,"column":13},"end":{"line":24,"column":56}}},"fnMap":{},"branchMap":{},"s":{"0":2,"1":2,"2":2},"f":{},"b":{},"_coverageSchema":"1a1c01bbd47fc00a2c39e90264f33305004495a9","hash":"8324ac454be148e6c3925698a96b17ce2606e48b"}
,"C:\\Users\\mbisw\\OneDrive\\Desktop\\LDP-Project-3\\src\\models\\user.js": {"path":"C:\\Users\\mbisw\\OneDrive\\Desktop\\LDP-Project-3\\src\\models\\user.js","statementMap":{"0":{"start":{"line":2,"column":15},"end":{"line":2,"column":30}},"1":{"start":{"line":5,"column":19},"end":{"line":24,"column":24}},"2":{"start":{"line":26,"column":13},"end":{"line":26,"column":56}}},"fnMap":{},"branchMap":{},"s":{"0":2,"1":2,"2":2},"f":{},"b":{},"_coverageSchema":"1a1c01bbd47fc00a2c39e90264f33305004495a9","hash":"d8016658ed5b20e48e6479aca9887ca981b0e4f9"}
,"C:\\Users\\mbisw\\OneDrive\\Desktop\\LDP-Project-3\\src\\routes\\route.js": {"path":"C:\\Users\\mbisw\\OneDrive\\Desktop\\LDP-Project-3\\src\\routes\\route.js","statementMap":{"0":{"start":{"line":4,"column":22},"end":{"line":13,"column":1}},"1":{"start":{"line":5,"column":4},"end":{"line":5,"column":47}},"2":{"start":{"line":6,"column":4},"end":{"line":6,"column":45}},"3":{"start":{"line":7,"column":4},"end":{"line":7,"column":49}},"4":{"start":{"line":8,"column":4},"end":{"line":8,"column":50}},"5":{"start":{"line":9,"column":4},"end":{"line":9,"column":54}},"6":{"start":{"line":10,"column":4},"end":{"line":10,"column":57}},"7":{"start":{"line":11,"column":4},"end":{"line":11,"column":51}},"8":{"start":{"line":12,"column":4},"end":{"line":12,"column":77}}},"fnMap":{"0":{"name":"(anonymous_0)","decl":{"start":{"line":4,"column":22},"end":{"line":4,"column":23}},"loc":{"start":{"line":4,"column":48},"end":{"line":13,"column":1}},"line":4}},"branchMap":{},"s":{"0":2,"1":2,"2":2,"3":2,"4":2,"5":2,"6":2,"7":2,"8":2},"f":{"0":2},"b":{},"_coverageSchema":"1a1c01bbd47fc00a2c39e90264f33305004495a9","hash":"cdac9f698d53bc9c420c8e32693c6c356ea4cabd"}
,"C:\\Users\\mbisw\\OneDrive\\Desktop\\LDP-Project-3\\src\\services\\service.js": {"path":"C:\\Users\\mbisw\\OneDrive\\Desktop\\LDP-Project-3\\src\\services\\service.js","statementMap":{"0":{"start":{"line":7,"column":24},"end":{"line":198,"column":1}},"1":{"start":{"line":10,"column":8},"end":{"line":10,"column":44}},"2":{"start":{"line":14,"column":8},"end":{"line":14,"column":47}},"3":{"start":{"line":18,"column":8},"end":{"line":18,"column":59}},"4":{"start":{"line":19,"column":8},"end":{"line":19,"column":39}},"5":{"start":{"line":23,"column":8},"end":{"line":23,"column":50}},"6":{"start":{"line":27,"column":8},"end":{"line":27,"column":50}},"7":{"start":{"line":31,"column":8},"end":{"line":31,"column":39}},"8":{"start":{"line":35,"column":8},"end":{"line":35,"column":83}},"9":{"start":{"line":39,"column":27},"end":{"line":39,"column":71}},"10":{"start":{"line":40,"column":8},"end":{"line":40,"column":26}},"11":{"start":{"line":44,"column":8},"end":{"line":44,"column":46}},"12":{"start":{"line":45,"column":8},"end":{"line":45,"column":83}},"13":{"start":{"line":49,"column":8},"end":{"line":49,"column":73}},"14":{"start":{"line":53,"column":8},"end":{"line":53,"column":47}},"15":{"start":{"line":68,"column":32},"end":{"line":68,"column":182}},"16":{"start":{"line":69,"column":31},"end":{"line":69,"column":33}},"17":{"start":{"line":70,"column":25},"end":{"line":70,"column":27}},"18":{"start":{"line":70,"column":42},"end":{"line":70,"column":44}},"19":{"start":{"line":71,"column":8},"end":{"line":86,"column":9}},"20":{"start":{"line":71,"column":25},"end":{"line":71,"column":26}},"21":{"start":{"line":72,"column":12},"end":{"line":85,"column":13}},"22":{"start":{"line":73,"column":16},"end":{"line":73,"column":53}},"23":{"start":{"line":74,"column":19},"end":{"line":85,"column":13}},"24":{"start":{"line":75,"column":16},"end":{"line":84,"column":31}},"25":{"start":{"line":76,"column":20},"end":{"line":76,"column":52}},"26":{"start":{"line":77,"column":20},"end":{"line":77,"column":44}},"27":{"start":{"line":78,"column":20},"end":{"line":78,"column":36}},"28":{"start":{"line":79,"column":23},"end":{"line":84,"column":31}},"29":{"start":{"line":80,"column":20},"end":{"line":80,"column":125}},"30":{"start":{"line":81,"column":20},"end":{"line":81,"column":36}},"31":{"start":{"line":82,"column":20},"end":{"line":82,"column":36}},"32":{"start":{"line":84,"column":21},"end":{"line":84,"column":31}},"33":{"start":{"line":87,"column":8},"end":{"line":87,"column":62}},"34":{"start":{"line":87,"column":30},"end":{"line":87,"column":62}},"35":{"start":{"line":88,"column":8},"end":{"line":88,"column":30}},"36":{"start":{"line":93,"column":27},"end":{"line":93,"column":48}},"37":{"start":{"line":94,"column":28},"end":{"line":94,"column":83}},"38":{"start":{"line":94,"column":54},"end":{"line":94,"column":82}},"39":{"start":{"line":95,"column":33},"end":{"line":95,"column":53}},"40":{"start":{"line":96,"column":8},"end":{"line":96,"column":38}},"41":{"start":{"line":97,"column":20},"end":{"line":97,"column":22}},"42":{"start":{"line":99,"column":8},"end":{"line":107,"column":9}},"43":{"start":{"line":99,"column":21},"end":{"line":99,"column":22}},"44":{"start":{"line":100,"column":20},"end":{"line":100,"column":39}},"45":{"start":{"line":101,"column":12},"end":{"line":104,"column":13}},"46":{"start":{"line":102,"column":16},"end":{"line":102,"column":30}},"47":{"start":{"line":103,"column":16},"end":{"line":103,"column":25}},"48":{"start":{"line":105,"column":12},"end":{"line":105,"column":48}},"49":{"start":{"line":105,"column":35},"end":{"line":105,"column":48}},"50":{"start":{"line":106,"column":24},"end":{"line":106,"column":35}},"51":{"start":{"line":108,"column":8},"end":{"line":108,"column":35}},"52":{"start":{"line":112,"column":21},"end":{"line":112,"column":56}},"53":{"start":{"line":113,"column":8},"end":{"line":113,"column":26}},"54":{"start":{"line":117,"column":22},"end":{"line":117,"column":24}},"55":{"start":{"line":118,"column":19},"end":{"line":118,"column":20}},"56":{"start":{"line":120,"column":8},"end":{"line":166,"column":9}},"57":{"start":{"line":120,"column":22},"end":{"line":120,"column":23}},"58":{"start":{"line":121,"column":22},"end":{"line":121,"column":23}},"59":{"start":{"line":122,"column":12},"end":{"line":139,"column":13}},"60":{"start":{"line":123,"column":16},"end":{"line":123,"column":45}},"61":{"start":{"line":124,"column":16},"end":{"line":124,"column":25}},"62":{"start":{"line":125,"column":16},"end":{"line":125,"column":25}},"63":{"start":{"line":126,"column":19},"end":{"line":139,"column":13}},"64":{"start":{"line":127,"column":37},"end":{"line":127,"column":67}},"65":{"start":{"line":128,"column":26},"end":{"line":128,"column":59}},"66":{"start":{"line":129,"column":16},"end":{"line":132,"column":17}},"67":{"start":{"line":130,"column":20},"end":{"line":130,"column":26}},"68":{"start":{"line":131,"column":20},"end":{"line":131,"column":69}},"69":{"start":{"line":133,"column":19},"end":{"line":139,"column":13}},"70":{"start":{"line":134,"column":16},"end":{"line":134,"column":31}},"71":{"start":{"line":135,"column":19},"end":{"line":139,"column":13}},"72":{"start":{"line":136,"column":16},"end":{"line":136,"column":31}},"73":{"start":{"line":138,"column":16},"end":{"line":138,"column":47}},"74":{"start":{"line":141,"column":12},"end":{"line":165,"column":13}},"75":{"start":{"line":142,"column":16},"end":{"line":142,"column":32}},"76":{"start":{"line":143,"column":16},"end":{"line":143,"column":25}},"77":{"start":{"line":145,"column":16},"end":{"line":162,"column":17}},"78":{"start":{"line":146,"column":31},"end":{"line":146,"column":42}},"79":{"start":{"line":147,"column":36},"end":{"line":147,"column":47}},"80":{"start":{"line":148,"column":20},"end":{"line":161,"column":21}},"81":{"start":{"line":150,"column":28},"end":{"line":150,"column":54}},"82":{"start":{"line":151,"column":28},"end":{"line":151,"column":34}},"83":{"start":{"line":153,"column":28},"end":{"line":153,"column":53}},"84":{"start":{"line":154,"column":28},"end":{"line":154,"column":34}},"85":{"start":{"line":156,"column":28},"end":{"line":156,"column":45}},"86":{"start":{"line":157,"column":28},"end":{"line":157,"column":34}},"87":{"start":{"line":159,"column":28},"end":{"line":159,"column":63}},"88":{"start":{"line":160,"column":28},"end":{"line":160,"column":34}},"89":{"start":{"line":163,"column":16},"end":{"line":163,"column":32}},"90":{"start":{"line":164,"column":16},"end":{"line":164,"column":25}},"91":{"start":{"line":167,"column":8},"end":{"line":167,"column":24}},"92":{"start":{"line":172,"column":22},"end":{"line":172,"column":24}},"93":{"start":{"line":173,"column":19},"end":{"line":173,"column":20}},"94":{"start":{"line":175,"column":8},"end":{"line":193,"column":9}},"95":{"start":{"line":175,"column":22},"end":{"line":175,"column":23}},"96":{"start":{"line":176,"column":22},"end":{"line":176,"column":23}},"97":{"start":{"line":177,"column":12},"end":{"line":192,"column":13}},"98":{"start":{"line":178,"column":16},"end":{"line":178,"column":30}},"99":{"start":{"line":179,"column":16},"end":{"line":179,"column":25}},"100":{"start":{"line":180,"column":19},"end":{"line":192,"column":13}},"101":{"start":{"line":181,"column":16},"end":{"line":181,"column":30}},"102":{"start":{"line":182,"column":16},"end":{"line":182,"column":25}},"103":{"start":{"line":184,"column":16},"end":{"line":189,"column":17}},"104":{"start":{"line":185,"column":31},"end":{"line":185,"column":42}},"105":{"start":{"line":186,"column":20},"end":{"line":186,"column":71}},"106":{"start":{"line":186,"column":58},"end":{"line":186,"column":71}},"107":{"start":{"line":187,"column":36},"end":{"line":187,"column":47}},"108":{"start":{"line":188,"column":20},"end":{"line":188,"column":72}},"109":{"start":{"line":188,"column":59},"end":{"line":188,"column":72}},"110":{"start":{"line":190,"column":16},"end":{"line":190,"column":30}},"111":{"start":{"line":191,"column":16},"end":{"line":191,"column":25}},"112":{"start":{"line":194,"column":8},"end":{"line":194,"column":60}},"113":{"start":{"line":194,"column":48},"end":{"line":194,"column":60}},"114":{"start":{"line":195,"column":8},"end":{"line":195,"column":21}}},"fnMap":{"0":{"name":"(anonymous_0)","decl":{"start":{"line":9,"column":17},"end":{"line":9,"column":18}},"loc":{"start":{"line":9,"column":34},"end":{"line":11,"column":5}},"line":9},"1":{"name":"(anonymous_1)","decl":{"start":{"line":13,"column":20},"end":{"line":13,"column":21}},"loc":{"start":{"line":13,"column":40},"end":{"line":15,"column":5}},"line":13},"2":{"name":"(anonymous_2)","decl":{"start":{"line":17,"column":16},"end":{"line":17,"column":17}},"loc":{"start":{"line":17,"column":32},"end":{"line":20,"column":5}},"line":17},"3":{"name":"(anonymous_3)","decl":{"start":{"line":22,"column":18},"end":{"line":22,"column":19}},"loc":{"start":{"line":22,"column":36},"end":{"line":24,"column":5}},"line":22},"4":{"name":"(anonymous_4)","decl":{"start":{"line":26,"column":18},"end":{"line":26,"column":19}},"loc":{"start":{"line":26,"column":36},"end":{"line":28,"column":5}},"line":26},"5":{"name":"(anonymous_5)","decl":{"start":{"line":30,"column":16},"end":{"line":30,"column":17}},"loc":{"start":{"line":30,"column":32},"end":{"line":32,"column":5}},"line":30},"6":{"name":"(anonymous_6)","decl":{"start":{"line":34,"column":20},"end":{"line":34,"column":21}},"loc":{"start":{"line":34,"column":46},"end":{"line":36,"column":5}},"line":34},"7":{"name":"(anonymous_7)","decl":{"start":{"line":38,"column":21},"end":{"line":38,"column":22}},"loc":{"start":{"line":38,"column":55},"end":{"line":41,"column":5}},"line":38},"8":{"name":"(anonymous_8)","decl":{"start":{"line":43,"column":22},"end":{"line":43,"column":23}},"loc":{"start":{"line":43,"column":48},"end":{"line":46,"column":5}},"line":43},"9":{"name":"(anonymous_9)","decl":{"start":{"line":48,"column":16},"end":{"line":48,"column":17}},"loc":{"start":{"line":48,"column":40},"end":{"line":50,"column":5}},"line":48},"10":{"name":"(anonymous_10)","decl":{"start":{"line":52,"column":23},"end":{"line":52,"column":24}},"loc":{"start":{"line":52,"column":39},"end":{"line":54,"column":5}},"line":52},"11":{"name":"(anonymous_11)","decl":{"start":{"line":56,"column":16},"end":{"line":56,"column":17}},"loc":{"start":{"line":56,"column":35},"end":{"line":90,"column":5}},"line":56},"12":{"name":"(anonymous_12)","decl":{"start":{"line":92,"column":27},"end":{"line":92,"column":28}},"loc":{"start":{"line":92,"column":44},"end":{"line":109,"column":5}},"line":92},"13":{"name":"(anonymous_13)","decl":{"start":{"line":94,"column":46},"end":{"line":94,"column":47}},"loc":{"start":{"line":94,"column":54},"end":{"line":94,"column":82}},"line":94},"14":{"name":"(anonymous_14)","decl":{"start":{"line":111,"column":19},"end":{"line":111,"column":20}},"loc":{"start":{"line":111,"column":37},"end":{"line":114,"column":5}},"line":111},"15":{"name":"(anonymous_15)","decl":{"start":{"line":116,"column":18},"end":{"line":116,"column":19}},"loc":{"start":{"line":116,"column":75},"end":{"line":168,"column":5}},"line":116},"16":{"name":"(anonymous_16)","decl":{"start":{"line":170,"column":19},"end":{"line":170,"column":20}},"loc":{"start":{"line":170,"column":37},"end":{"line":197,"column":5}},"line":170}},"branchMap":{"0":{"loc":{"start":{"line":72,"column":12},"end":{"line":85,"column":13}},"type":"if","locations":[{"start":{"line":72,"column":12},"end":{"line":85,"column":13}},{"start":{"line":74,"column":19},"end":{"line":85,"column":13}}],"line":72},"1":{"loc":{"start":{"line":74,"column":19},"end":{"line":85,"column":13}},"type":"if","locations":[{"start":{"line":74,"column":19},"end":{"line":85,"column":13}},{"start":{},"end":{}}],"line":74},"2":{"loc":{"start":{"line":75,"column":16},"end":{"line":84,"column":31}},"type":"if","locations":[{"start":{"line":75,"column":16},"end":{"line":84,"column":31}},{"start":{"line":79,"column":23},"end":{"line":84,"column":31}}],"line":75},"3":{"loc":{"start":{"line":75,"column":20},"end":{"line":75,"column":72}},"type":"binary-expr","locations":[{"start":{"line":75,"column":20},"end":{"line":75,"column":50}},{"start":{"line":75,"column":54},"end":{"line":75,"column":72}}],"line":75},"4":{"loc":{"start":{"line":79,"column":23},"end":{"line":84,"column":31}},"type":"if","locations":[{"start":{"line":79,"column":23},"end":{"line":84,"column":31}},{"start":{"line":84,"column":21},"end":{"line":84,"column":31}}],"line":79},"5":{"loc":{"start":{"line":87,"column":8},"end":{"line":87,"column":62}},"type":"if","locations":[{"start":{"line":87,"column":8},"end":{"line":87,"column":62}},{"start":{},"end":{}}],"line":87},"6":{"loc":{"start":{"line":94,"column":54},"end":{"line":94,"column":82}},"type":"binary-expr","locations":[{"start":{"line":94,"column":54},"end":{"line":94,"column":66}},{"start":{"line":94,"column":70},"end":{"line":94,"column":82}}],"line":94},"7":{"loc":{"start":{"line":101,"column":12},"end":{"line":104,"column":13}},"type":"if","locations":[{"start":{"line":101,"column":12},"end":{"line":104,"column":13}},{"start":{},"end":{}}],"line":101},"8":{"loc":{"start":{"line":105,"column":12},"end":{"line":105,"column":48}},"type":"if","locations":[{"start":{"line":105,"column":12},"end":{"line":105,"column":48}},{"start":{},"end":{}}],"line":105},"9":{"loc":{"start":{"line":122,"column":12},"end":{"line":139,"column":13}},"type":"if","locations":[{"start":{"line":122,"column":12},"end":{"line":139,"column":13}},{"start":{"line":126,"column":19},"end":{"line":139,"column":13}}],"line":122},"10":{"loc":{"start":{"line":122,"column":16},"end":{"line":122,"column":134}},"type":"binary-expr","locations":[{"start":{"line":122,"column":16},"end":{"line":122,"column":41}},{"start":{"line":122,"column":45},"end":{"line":122,"column":70}},{"start":{"line":122,"column":74},"end":{"line":122,"column":102}},{"start":{"line":122,"column":106},"end":{"line":122,"column":134}}],"line":122},"11":{"loc":{"start":{"line":126,"column":19},"end":{"line":139,"column":13}},"type":"if","locations":[{"start":{"line":126,"column":19},"end":{"line":139,"column":13}},{"start":{"line":133,"column":19},"end":{"line":139,"column":13}}],"line":126},"12":{"loc":{"start":{"line":133,"column":19},"end":{"line":139,"column":13}},"type":"if","locations":[{"start":{"line":133,"column":19},"end":{"line":139,"column":13}},{"start":{"line":135,"column":19},"end":{"line":139,"column":13}}],"line":133},"13":{"loc":{"start":{"line":135,"column":19},"end":{"line":139,"column":13}},"type":"if","locations":[{"start":{"line":135,"column":19},"end":{"line":139,"column":13}},{"start":{"line":137,"column":19},"end":{"line":139,"column":13}}],"line":135},"14":{"loc":{"start":{"line":141,"column":12},"end":{"line":165,"column":13}},"type":"if","locations":[{"start":{"line":141,"column":12},"end":{"line":165,"column":13}},{"start":{"line":144,"column":19},"end":{"line":165,"column":13}}],"line":141},"15":{"loc":{"start":{"line":145,"column":23},"end":{"line":145,"column":70}},"type":"binary-expr","locations":[{"start":{"line":145,"column":23},"end":{"line":145,"column":35}},{"start":{"line":145,"column":39},"end":{"line":145,"column":70}}],"line":145},"16":{"loc":{"start":{"line":148,"column":20},"end":{"line":161,"column":21}},"type":"switch","locations":[{"start":{"line":149,"column":24},"end":{"line":151,"column":34}},{"start":{"line":152,"column":24},"end":{"line":154,"column":34}},{"start":{"line":155,"column":24},"end":{"line":157,"column":34}},{"start":{"line":158,"column":24},"end":{"line":160,"column":34}}],"line":148},"17":{"loc":{"start":{"line":177,"column":12},"end":{"line":192,"column":13}},"type":"if","locations":[{"start":{"line":177,"column":12},"end":{"line":192,"column":13}},{"start":{"line":180,"column":19},"end":{"line":192,"column":13}}],"line":177},"18":{"loc":{"start":{"line":177,"column":16},"end":{"line":177,"column":134}},"type":"binary-expr","locations":[{"start":{"line":177,"column":16},"end":{"line":177,"column":41}},{"start":{"line":177,"column":45},"end":{"line":177,"column":70}},{"start":{"line":177,"column":74},"end":{"line":177,"column":102}},{"start":{"line":177,"column":106},"end":{"line":177,"column":134}}],"line":177},"19":{"loc":{"start":{"line":180,"column":19},"end":{"line":192,"column":13}},"type":"if","locations":[{"start":{"line":180,"column":19},"end":{"line":192,"column":13}},{"start":{"line":183,"column":19},"end":{"line":192,"column":13}}],"line":180},"20":{"loc":{"start":{"line":184,"column":23},"end":{"line":184,"column":67}},"type":"binary-expr","locations":[{"start":{"line":184,"column":23},"end":{"line":184,"column":35}},{"start":{"line":184,"column":39},"end":{"line":184,"column":67}}],"line":184},"21":{"loc":{"start":{"line":186,"column":20},"end":{"line":186,"column":71}},"type":"if","locations":[{"start":{"line":186,"column":20},"end":{"line":186,"column":71}},{"start":{},"end":{}}],"line":186},"22":{"loc":{"start":{"line":186,"column":24},"end":{"line":186,"column":56}},"type":"binary-expr","locations":[{"start":{"line":186,"column":24},"end":{"line":186,"column":37}},{"start":{"line":186,"column":41},"end":{"line":186,"column":56}}],"line":186},"23":{"loc":{"start":{"line":188,"column":20},"end":{"line":188,"column":72}},"type":"if","locations":[{"start":{"line":188,"column":20},"end":{"line":188,"column":72}},{"start":{},"end":{}}],"line":188},"24":{"loc":{"start":{"line":188,"column":24},"end":{"line":188,"column":57}},"type":"binary-expr","locations":[{"start":{"line":188,"column":24},"end":{"line":188,"column":38}},{"start":{"line":188,"column":42},"end":{"line":188,"column":57}}],"line":188},"25":{"loc":{"start":{"line":194,"column":8},"end":{"line":194,"column":60}},"type":"if","locations":[{"start":{"line":194,"column":8},"end":{"line":194,"column":60}},{"start":{},"end":{}}],"line":194},"26":{"loc":{"start":{"line":194,"column":12},"end":{"line":194,"column":46}},"type":"binary-expr","locations":[{"start":{"line":194,"column":12},"end":{"line":194,"column":29}},{"start":{"line":194,"column":33},"end":{"line":194,"column":46}}],"line":194}},"s":{"0":2,"1":1,"2":2,"3":1,"4":1,"5":1,"6":2,"7":1,"8":1,"9":1,"10":1,"11":1,"12":1,"13":1,"14":2,"15":8,"16":8,"17":8,"18":8,"19":8,"20":8,"21":417,"22":345,"23":72,"24":53,"25":45,"26":45,"27":45,"28":8,"29":7,"30":7,"31":7,"32":1,"33":7,"34":0,"35":7,"36":20,"37":20,"38":333,"39":20,"40":20,"41":20,"42":20,"43":20,"44":103,"45":103,"46":53,"47":53,"48":50,"49":4,"50":46,"51":16,"52":1,"53":1,"54":7,"55":7,"56":7,"57":7,"58":33,"59":33,"60":13,"61":13,"62":13,"63":20,"64":5,"65":5,"66":5,"67":19,"68":19,"69":15,"70":2,"71":13,"72":2,"73":11,"74":20,"75":13,"76":13,"77":7,"78":13,"79":13,"80":13,"81":3,"82":3,"83":2,"84":2,"85":4,"86":4,"87":4,"88":4,"89":7,"90":7,"91":7,"92":14,"93":14,"94":14,"95":14,"96":95,"97":95,"98":40,"99":40,"100":55,"101":33,"102":33,"103":22,"104":39,"105":39,"106":2,"107":37,"108":37,"109":0,"110":20,"111":20,"112":12,"113":10,"114":2},"f":{"0":1,"1":2,"2":1,"3":1,"4":2,"5":1,"6":1,"7":1,"8":1,"9":1,"10":2,"11":8,"12":20,"13":333,"14":1,"15":7,"16":14},"b":{"0":[345,72],"1":[53,19],"2":[45,8],"3":[53,18],"4":[7,1],"5":[0,7],"6":[333,277],"7":[53,50],"8":[4,46],"9":[13,20],"10":[33,30,28,24],"11":[5,15],"12":[2,13],"13":[2,11],"14":[13,7],"15":[20,14],"16":[3,2,4,4],"17":[40,55],"18":[95,87,79,67],"19":[33,22],"20":[59,46],"21":[2,37],"22":[39,38],"23":[0,37],"24":[37,37],"25":[10,2],"26":[12,10]},"_coverageSchema":"1a1c01bbd47fc00a2c39e90264f33305004495a9","hash":"c8c7dea59372e75f79bbc688deba5783a07f4c5a"}
}
