TN:
SF:src\createApp.js
FN:12,(anonymous_0)
FNF:1
FNH:1
FNDA:40,(anonymous_0)
DA:5,2
DA:9,2
DA:12,2
DA:13,40
DA:14,40
DA:15,38
DA:16,38
DA:17,38
DA:18,37
DA:20,1
DA:21,1
DA:26,2
LF:12
LH:12
BRDA:14,0,0,2
BRDA:14,0,1,38
BRF:2
BRH:2
end_of_record
TN:
SF:src\constants\constant.js
FNF:0
FNH:0
DA:2,2
DA:3,2
LF:2
LH:2
BRF:0
BRH:0
end_of_record
TN:
SF:src\controllers\controller.js
FN:6,(anonymous_0)
FN:26,(anonymous_1)
FN:56,(anonymous_2)
FN:105,(anonymous_3)
FN:120,(anonymous_4)
FN:165,(anonymous_5)
FN:185,(anonymous_6)
FN:189,(anonymous_7)
FN:202,(anonymous_8)
FN:289,(anonymous_9)
FN:294,(anonymous_10)
FNF:11
FNH:7
FNDA:5,(anonymous_0)
FNDA:5,(anonymous_1)
FNDA:8,(anonymous_2)
FNDA:5,(anonymous_3)
FNDA:7,(anonymous_4)
FNDA:5,(anonymous_5)
FNDA:0,(anonymous_6)
FNDA:0,(anonymous_7)
FNDA:0,(anonymous_8)
FNDA:0,(anonymous_9)
FNDA:4,(anonymous_10)
DA:4,2
DA:7,5
DA:8,5
DA:9,2
DA:10,2
DA:14,2
DA:15,2
DA:16,2
DA:21,1
DA:22,1
DA:27,5
DA:28,5
DA:29,4
DA:30,1
DA:31,1
DA:35,3
DA:36,3
DA:37,1
DA:38,1
DA:42,2
DA:43,2
DA:44,2
DA:51,1
DA:52,1
DA:57,8
DA:58,8
DA:59,8
DA:60,8
DA:62,8
DA:63,2
DA:66,6
DA:67,6
DA:68,6
DA:69,6
DA:70,2
DA:71,2
DA:74,6
DA:75,6
DA:78,6
DA:79,6
DA:80,6
DA:81,6
DA:82,6
DA:84,6
DA:85,2
DA:88,4
DA:89,4
DA:90,3
DA:92,2
DA:99,6
DA:101,6
DA:106,5
DA:107,5
DA:108,3
DA:115,2
DA:116,2
DA:122,7
DA:123,7
DA:124,7
DA:125,7
DA:127,7
DA:128,2
DA:131,5
DA:132,5
DA:133,5
DA:134,5
DA:135,2
DA:136,2
DA:139,5
DA:140,5
DA:142,5
DA:143,5
DA:144,5
DA:146,5
DA:147,2
DA:151,3
DA:153,2
DA:160,5
DA:161,5
DA:166,5
DA:167,5
DA:168,4
DA:169,2
DA:170,2
DA:174,2
DA:175,2
DA:180,1
DA:181,1
DA:186,0
DA:187,0
DA:189,0
DA:190,0
DA:191,0
DA:193,0
DA:194,0
DA:196,0
DA:197,0
DA:198,0
DA:199,0
DA:202,0
DA:203,0
DA:204,0
DA:205,0
DA:206,0
DA:209,0
DA:210,0
DA:211,0
DA:212,0
DA:215,0
DA:216,0
DA:217,0
DA:219,0
DA:220,0
DA:221,0
DA:223,0
DA:224,0
DA:225,0
DA:226,0
DA:227,0
DA:228,0
DA:229,0
DA:230,0
DA:231,0
DA:232,0
DA:233,0
DA:234,0
DA:235,0
DA:238,0
DA:239,0
DA:240,0
DA:241,0
DA:243,0
DA:244,0
DA:246,0
DA:247,0
DA:248,0
DA:249,0
DA:250,0
DA:251,0
DA:252,0
DA:253,0
DA:254,0
DA:255,0
DA:257,0
DA:258,0
DA:259,0
DA:260,0
DA:261,0
DA:262,0
DA:263,0
DA:264,0
DA:265,0
DA:266,0
DA:267,0
DA:268,0
DA:269,0
DA:272,0
DA:273,0
DA:275,0
DA:277,0
DA:278,0
DA:280,0
DA:281,0
DA:284,0
DA:289,0
DA:290,0
DA:295,4
DA:296,4
DA:297,3
DA:298,3
DA:299,3
DA:300,122
DA:301,21
DA:302,101
DA:303,13
DA:304,13
DA:305,13
DA:308,3
DA:309,0
DA:310,0
DA:311,0
DA:313,3
DA:314,3
DA:316,3
DA:317,4
DA:318,4
DA:319,4
DA:320,4
DA:321,4
DA:322,4
DA:323,4
DA:324,4
DA:326,4
DA:327,0
DA:328,0
DA:329,1
DA:330,1
DA:331,0
DA:332,0
DA:333,3
DA:334,3
DA:335,0
DA:336,0
DA:337,0
DA:338,0
DA:340,4
DA:341,2
DA:343,3
DA:350,1
DA:351,1
LF:210
LH:121
BRDA:8,0,0,2
BRDA:8,0,1,2
BRDA:8,1,0,5
BRDA:8,1,1,3
BRDA:29,2,0,1
BRDA:29,2,1,3
BRDA:36,3,0,1
BRDA:36,3,1,2
BRDA:62,4,0,2
BRDA:62,4,1,6
BRDA:62,5,0,8
BRDA:62,5,1,7
BRDA:62,5,2,7
BRDA:69,6,0,2
BRDA:69,6,1,4
BRDA:84,7,0,2
BRDA:84,7,1,4
BRDA:84,8,0,6
BRDA:84,8,1,5
BRDA:84,8,2,5
BRDA:84,8,3,5
BRDA:84,8,4,4
BRDA:127,9,0,2
BRDA:127,9,1,5
BRDA:127,10,0,7
BRDA:127,10,1,6
BRDA:127,10,2,6
BRDA:134,11,0,2
BRDA:134,11,1,3
BRDA:146,12,0,2
BRDA:146,12,1,3
BRDA:146,13,0,5
BRDA:146,13,1,4
BRDA:146,13,2,4
BRDA:146,13,3,4
BRDA:146,13,4,3
BRDA:168,14,0,2
BRDA:168,14,1,2
BRDA:168,15,0,4
BRDA:168,15,1,3
BRDA:193,16,0,0
BRDA:193,16,1,0
BRDA:196,17,0,0
BRDA:196,17,1,0
BRDA:203,18,0,0
BRDA:203,18,1,0
BRDA:215,19,0,0
BRDA:215,19,1,0
BRDA:223,20,0,0
BRDA:223,20,1,0
BRDA:230,21,0,0
BRDA:230,21,1,0
BRDA:232,22,0,0
BRDA:232,22,1,0
BRDA:238,23,0,0
BRDA:238,23,1,0
BRDA:257,24,0,0
BRDA:257,24,1,0
BRDA:257,24,2,0
BRDA:257,24,3,0
BRDA:257,24,4,0
BRDA:257,24,5,0
BRDA:258,25,0,0
BRDA:258,25,1,0
BRDA:260,26,0,0
BRDA:260,26,1,0
BRDA:262,27,0,0
BRDA:262,27,1,0
BRDA:264,28,0,0
BRDA:264,28,1,0
BRDA:266,29,0,0
BRDA:266,29,1,0
BRDA:268,30,0,0
BRDA:268,30,1,0
BRDA:272,31,0,0
BRDA:272,31,1,0
BRDA:300,32,0,21
BRDA:300,32,1,101
BRDA:302,33,0,13
BRDA:302,33,1,88
BRDA:308,34,0,0
BRDA:308,34,1,3
BRDA:326,35,0,0
BRDA:326,35,1,1
BRDA:326,35,2,0
BRDA:326,35,3,3
BRDA:326,35,4,0
BRDA:326,35,5,0
BRDA:327,36,0,0
BRDA:327,36,1,0
BRDA:329,37,0,0
BRDA:329,37,1,1
BRDA:331,38,0,0
BRDA:331,38,1,0
BRDA:333,39,0,2
BRDA:333,39,1,1
BRDA:335,40,0,0
BRDA:335,40,1,0
BRDA:337,41,0,0
BRDA:337,41,1,0
BRDA:340,42,0,2
BRDA:340,42,1,2
BRF:102
BRH:52
end_of_record
TN:
SF:src\models\rule.js
FNF:0
FNH:0
DA:2,2
DA:5,2
DA:24,2
LF:3
LH:3
BRF:0
BRH:0
end_of_record
TN:
SF:src\models\user.js
FNF:0
FNH:0
DA:2,2
DA:5,2
DA:26,2
LF:3
LH:3
BRF:0
BRH:0
end_of_record
TN:
SF:src\routes\route.js
FN:4,(anonymous_0)
FNF:1
FNH:1
FNDA:2,(anonymous_0)
DA:4,2
DA:5,2
DA:6,2
DA:7,2
DA:8,2
DA:9,2
DA:10,2
DA:11,2
DA:12,2
LF:9
LH:9
BRF:0
BRH:0
end_of_record
TN:
SF:src\services\service.js
FN:9,(anonymous_0)
FN:13,(anonymous_1)
FN:17,(anonymous_2)
FN:22,(anonymous_3)
FN:26,(anonymous_4)
FN:30,(anonymous_5)
FN:34,(anonymous_6)
FN:38,(anonymous_7)
FN:43,(anonymous_8)
FN:48,(anonymous_9)
FN:52,(anonymous_10)
FN:56,(anonymous_11)
FN:92,(anonymous_12)
FN:94,(anonymous_13)
FN:111,(anonymous_14)
FN:116,(anonymous_15)
FN:170,(anonymous_16)
FNF:17
FNH:17
FNDA:1,(anonymous_0)
FNDA:2,(anonymous_1)
FNDA:1,(anonymous_2)
FNDA:1,(anonymous_3)
FNDA:2,(anonymous_4)
FNDA:1,(anonymous_5)
FNDA:1,(anonymous_6)
FNDA:1,(anonymous_7)
FNDA:1,(anonymous_8)
FNDA:1,(anonymous_9)
FNDA:2,(anonymous_10)
FNDA:8,(anonymous_11)
FNDA:20,(anonymous_12)
FNDA:333,(anonymous_13)
FNDA:1,(anonymous_14)
FNDA:7,(anonymous_15)
FNDA:14,(anonymous_16)
DA:7,2
DA:10,1
DA:14,2
DA:18,1
DA:19,1
DA:23,1
DA:27,2
DA:31,1
DA:35,1
DA:39,1
DA:40,1
DA:44,1
DA:45,1
DA:49,1
DA:53,2
DA:68,8
DA:69,8
DA:70,8
DA:71,8
DA:72,417
DA:73,345
DA:74,72
DA:75,53
DA:76,45
DA:77,45
DA:78,45
DA:79,8
DA:80,7
DA:81,7
DA:82,7
DA:84,1
DA:87,7
DA:88,7
DA:93,20
DA:94,333
DA:95,20
DA:96,20
DA:97,20
DA:99,20
DA:100,103
DA:101,103
DA:102,53
DA:103,53
DA:105,50
DA:106,46
DA:108,16
DA:112,1
DA:113,1
DA:117,7
DA:118,7
DA:120,7
DA:121,33
DA:122,33
DA:123,13
DA:124,13
DA:125,13
DA:126,20
DA:127,5
DA:128,5
DA:129,5
DA:130,19
DA:131,19
DA:133,15
DA:134,2
DA:135,13
DA:136,2
DA:138,11
DA:141,20
DA:142,13
DA:143,13
DA:145,7
DA:146,13
DA:147,13
DA:148,13
DA:150,3
DA:151,3
DA:153,2
DA:154,2
DA:156,4
DA:157,4
DA:159,4
DA:160,4
DA:163,7
DA:164,7
DA:167,7
DA:172,14
DA:173,14
DA:175,14
DA:176,95
DA:177,95
DA:178,40
DA:179,40
DA:180,55
DA:181,33
DA:182,33
DA:184,22
DA:185,39
DA:186,39
DA:187,37
DA:188,37
DA:190,20
DA:191,20
DA:194,12
DA:195,2
LF:104
LH:104
BRDA:72,0,0,345
BRDA:72,0,1,72
BRDA:74,1,0,53
BRDA:74,1,1,19
BRDA:75,2,0,45
BRDA:75,2,1,8
BRDA:75,3,0,53
BRDA:75,3,1,18
BRDA:79,4,0,7
BRDA:79,4,1,1
BRDA:87,5,0,0
BRDA:87,5,1,7
BRDA:94,6,0,333
BRDA:94,6,1,277
BRDA:101,7,0,53
BRDA:101,7,1,50
BRDA:105,8,0,4
BRDA:105,8,1,46
BRDA:122,9,0,13
BRDA:122,9,1,20
BRDA:122,10,0,33
BRDA:122,10,1,30
BRDA:122,10,2,28
BRDA:122,10,3,24
BRDA:126,11,0,5
BRDA:126,11,1,15
BRDA:133,12,0,2
BRDA:133,12,1,13
BRDA:135,13,0,2
BRDA:135,13,1,11
BRDA:141,14,0,13
BRDA:141,14,1,7
BRDA:145,15,0,20
BRDA:145,15,1,14
BRDA:148,16,0,3
BRDA:148,16,1,2
BRDA:148,16,2,4
BRDA:148,16,3,4
BRDA:177,17,0,40
BRDA:177,17,1,55
BRDA:177,18,0,95
BRDA:177,18,1,87
BRDA:177,18,2,79
BRDA:177,18,3,67
BRDA:180,19,0,33
BRDA:180,19,1,22
BRDA:184,20,0,59
BRDA:184,20,1,46
BRDA:186,21,0,2
BRDA:186,21,1,37
BRDA:186,22,0,39
BRDA:186,22,1,38
BRDA:188,23,0,0
BRDA:188,23,1,37
BRDA:188,24,0,37
BRDA:188,24,1,37
BRDA:194,25,0,10
BRDA:194,25,1,2
BRDA:194,26,0,12
BRDA:194,26,1,10
BRF:60
BRH:58
end_of_record
